[Fri Sep 29 22:28:17 2017] ::1:64554 [200]: /favicon.ico
[Fri Sep 29 22:28:19 2017] ::1:64558 [200]: /favicon.ico
[Fri Sep 29 22:28:21 2017] ::1:64560 [200]: /favicon.ico
[Fri Sep 29 22:29:30 2017] ::1:64561 Invalid request (Unexpected EOF)
[Sat Sep 30 11:33:21 2017] ::1:64910 [200]: /favicon.ico
[Sat Sep 30 11:37:52 2017] ::1:64911 Invalid request (Unexpected EOF)
[Sat Sep 30 14:50:01 2017] ::1:50462 [200]: /favicon.ico
[Sat Sep 30 14:54:05 2017] ::1:50472 [200]: /index.php
[Sat Sep 30 14:54:16 2017] ::1:50476 Invalid request (Unexpected EOF)
[Sat Sep 30 14:54:33 2017] ::1:50498 [200]: /favicon.ico
[Sun Oct  1 00:23:22 2017] ::1:49657 [200]: /favicon.ico
[Sun Oct  1 00:23:36 2017] PHP Fatal error:  Class 'thik\Controller' not found in /Users/xfd/Project/tp5/application/index/controller/Index.php on line 5
[Sun Oct  1 00:23:36 2017] ::1:49659 [200]: /favicon.ico
[Sun Oct  1 00:23:46 2017] ::1:49673 [200]: /favicon.ico
[Sun Oct  1 11:45:53 2017] ::1:50011 [200]: /favicon.ico
[Sun Oct  1 11:53:17 2017] ::1:50166 [200]: /static/index/css/base.css
[Sun Oct  1 11:53:17 2017] ::1:50167 [200]: /static/index/css/common.css
[Sun Oct  1 11:53:17 2017] ::1:50168 [200]: /static/index/css/index.css
[Sun Oct  1 11:53:17 2017] ::1:50177 [200]: /static/index/image/arrow-down_3d94809.png
[Sun Oct  1 11:53:17 2017] ::1:50178 [200]: /static/index/image/all-arrow_9cc750f.png
[Sun Oct  1 11:53:17 2017] ::1:50179 [200]: /static/index/image/free-appointment_d550c8b.png
[Sun Oct  1 11:53:17 2017] ::1:50180 [200]: /static/index/image/white-locate_b59a216.png
[Sun Oct  1 11:53:17 2017] ::1:50181 [200]: /favicon.ico
[Sun Oct  1 12:12:22 2017] ::1:50308 [200]: /static/index/image/slide-arrow-right.png
[Sun Oct  1 12:12:22 2017] ::1:50309 [200]: /static/index/image/slide-arrow-left.png
[Sun Oct  1 12:48:24 2017] ::1:50367 [200]: /static/index/css/base.css
[Sun Oct  1 12:48:24 2017] ::1:50368 [200]: /static/index/css/common.css
[Sun Oct  1 12:48:24 2017] ::1:50369 [200]: /static/index/css/index.css
[Sun Oct  1 12:48:24 2017] ::1:50379 [200]: /static/index/image/arrow-down_3d94809.png
[Sun Oct  1 12:48:24 2017] ::1:50380 [200]: /static/index/image/all-arrow_9cc750f.png
[Sun Oct  1 12:48:24 2017] ::1:50381 [200]: /static/index/image/free-appointment_d550c8b.png
[Sun Oct  1 12:48:24 2017] ::1:50382 [200]: /static/index/image/white-locate_b59a216.png
[Sun Oct  1 12:48:24 2017] ::1:50383 [200]: /favicon.ico
[Sun Oct  1 12:48:27 2017] ::1:50389 [200]: /static/index/css/common.css
[Sun Oct  1 12:48:27 2017] ::1:50390 [200]: /static/index/css/index.css
[Sun Oct  1 12:48:27 2017] ::1:50388 [200]: /static/index/css/base.css
[Sun Oct  1 12:49:10 2017] ::1:50560 [200]: /static/index/image/slide-arrow-right.png
[Sun Oct  1 12:49:10 2017] ::1:50561 [200]: /static/index/image/slide-arrow-left.png
[Sun Oct  1 12:50:53 2017] ::1:50974 [200]: /static/index/css/index.css
[Sun Oct  1 12:50:53 2017] ::1:50972 [200]: /static/index/css/base.css
[Sun Oct  1 12:50:53 2017] ::1:50973 [200]: /static/index/css/common.css
[Sun Oct  1 12:50:53 2017] ::1:50981 [200]: /static/index/image/arrow-down_3d94809.png
[Sun Oct  1 12:50:53 2017] ::1:50982 [200]: /static/index/image/all-arrow_9cc750f.png
[Sun Oct  1 12:50:53 2017] ::1:50983 [200]: /static/index/image/free-appointment_d550c8b.png
[Sun Oct  1 12:50:53 2017] ::1:50984 [200]: /static/index/image/white-locate_b59a216.png
[Sun Oct  1 12:50:53 2017] ::1:50985 [200]: /favicon.ico
[Sun Oct  1 12:53:01 2017] ::1:51432 [200]: /static/index/image/slide-arrow-right.png
[Sun Oct  1 12:53:01 2017] ::1:51433 [200]: /static/index/image/slide-arrow-left.png
[Sun Oct  1 12:53:02 2017] ::1:51439 [200]: /static/index/css/base.css
[Sun Oct  1 12:53:02 2017] ::1:51440 [200]: /static/index/css/common.css
[Sun Oct  1 12:53:02 2017] ::1:51441 [200]: /static/index/css/index.css
[Sun Oct  1 12:53:02 2017] ::1:51451 [200]: /static/index/image/arrow-down_3d94809.png
[Sun Oct  1 12:53:02 2017] ::1:51452 [200]: /static/index/image/all-arrow_9cc750f.png
[Sun Oct  1 12:53:02 2017] ::1:51453 [200]: /static/index/image/free-appointment_d550c8b.png
[Sun Oct  1 12:53:02 2017] ::1:51454 [200]: /static/index/image/white-locate_b59a216.png
[Sun Oct  1 12:53:02 2017] ::1:51455 [200]: /static/index/image/slide-arrow-right.png
[Sun Oct  1 12:53:02 2017] ::1:51456 [200]: /static/index/image/slide-arrow-left.png
[Sun Oct  1 12:53:31 2017] ::1:51574 [200]: /static/index/css/base.css
[Sun Oct  1 12:53:31 2017] ::1:51575 [200]: /static/index/css/common.css
[Sun Oct  1 12:53:31 2017] ::1:51576 [200]: /static/index/css/index.css
[Sun Oct  1 12:53:31 2017] ::1:51586 [200]: /static/index/image/arrow-down_3d94809.png
[Sun Oct  1 12:53:31 2017] ::1:51587 [200]: /static/index/image/all-arrow_9cc750f.png
[Sun Oct  1 12:53:31 2017] ::1:51588 [200]: /static/index/image/free-appointment_d550c8b.png
[Sun Oct  1 12:53:31 2017] ::1:51589 [200]: /static/index/image/white-locate_b59a216.png
[Sun Oct  1 12:53:31 2017] ::1:51590 [200]: /favicon.ico
[Sun Oct  1 12:55:55 2017] ::1:52173 [200]: /static/index/image/slide-arrow-right.png
[Sun Oct  1 12:55:55 2017] ::1:52174 [200]: /static/index/image/slide-arrow-left.png
[Sun Oct  1 12:56:42 2017] ::1:52360 [200]: /static/index/css/base.css
[Sun Oct  1 12:56:42 2017] ::1:52361 [200]: /static/index/css/common.css
[Sun Oct  1 12:56:42 2017] ::1:52362 [200]: /static/index/css/index.css
[Sun Oct  1 12:56:42 2017] ::1:52372 [200]: /static/index/image/arrow-down_3d94809.png
[Sun Oct  1 12:56:42 2017] ::1:52373 [200]: /static/index/image/all-arrow_9cc750f.png
[Sun Oct  1 12:56:42 2017] ::1:52374 [200]: /static/index/image/free-appointment_d550c8b.png
[Sun Oct  1 12:56:42 2017] ::1:52375 [200]: /static/index/image/white-locate_b59a216.png
[Sun Oct  1 12:57:18 2017] ::1:52523 [200]: /static/index/css/base.css
[Sun Oct  1 12:57:18 2017] ::1:52524 [200]: /static/index/css/common.css
[Sun Oct  1 12:57:18 2017] ::1:52525 [200]: /static/index/css/index.css
[Sun Oct  1 12:57:18 2017] ::1:52539 [200]: /static/index/image/arrow-down_3d94809.png
[Sun Oct  1 12:57:18 2017] ::1:52540 [200]: /static/index/image/all-arrow_9cc750f.png
[Sun Oct  1 12:57:18 2017] ::1:52541 [200]: /static/index/image/free-appointment_d550c8b.png
[Sun Oct  1 12:57:18 2017] ::1:52542 [200]: /static/index/image/white-locate_b59a216.png
[Sun Oct  1 12:57:36 2017] ::1:52616 [200]: /static/index/css/base.css
[Sun Oct  1 12:57:36 2017] ::1:52617 [200]: /static/index/css/common.css
[Sun Oct  1 12:57:36 2017] ::1:52618 [200]: /static/index/css/index.css
[Sun Oct  1 12:57:36 2017] ::1:52628 [200]: /static/index/image/arrow-down_3d94809.png
[Sun Oct  1 12:57:36 2017] ::1:52629 [200]: /static/index/image/all-arrow_9cc750f.png
[Sun Oct  1 12:57:36 2017] ::1:52630 [200]: /static/index/image/free-appointment_d550c8b.png
[Sun Oct  1 12:57:36 2017] ::1:52631 [200]: /static/index/image/white-locate_b59a216.png
[Sun Oct  1 12:58:35 2017] ::1:52865 [200]: /static/index/js/html5shiv.js
[Sun Oct  1 12:58:35 2017] ::1:52870 [200]: /static/index/css/index.css
[Sun Oct  1 12:58:35 2017] ::1:52866 [200]: /static/index/js/respond.min.js
[Sun Oct  1 12:58:35 2017] ::1:52867 [200]: /static/index/js/jquery-1.11.3.min.js
[Sun Oct  1 12:58:35 2017] ::1:52868 [200]: /static/index/css/base.css
[Sun Oct  1 12:58:35 2017] ::1:52869 [200]: /static/index/css/common.css
[Sun Oct  1 12:58:35 2017] ::1:52872 [200]: /static/index/image/logo.png
[Sun Oct  1 12:58:35 2017] ::1:52881 [200]: /static/index/image/arrow-down_3d94809.png
[Sun Oct  1 12:58:35 2017] ::1:52882 [200]: /static/index/image/all-arrow_9cc750f.png
[Sun Oct  1 12:58:35 2017] ::1:52883 [200]: /static/index/image/free-appointment_d550c8b.png
[Sun Oct  1 12:58:35 2017] ::1:52884 [200]: /static/index/image/white-locate_b59a216.png
[Sun Oct  1 12:58:35 2017] ::1:52885 [200]: /favicon.ico
[Sun Oct  1 12:58:52 2017] ::1:52955 [200]: /static/index/css/base.css
[Sun Oct  1 12:58:52 2017] ::1:52956 [200]: /static/index/css/common.css
[Sun Oct  1 12:58:52 2017] ::1:52957 [200]: /static/index/css/index.css
[Sun Oct  1 12:58:52 2017] ::1:52958 [200]: /static/index/js/html5shiv.js
[Sun Oct  1 12:58:52 2017] ::1:52959 [200]: /static/index/js/respond.min.js
[Sun Oct  1 12:58:52 2017] ::1:52960 [200]: /static/index/js/jquery-1.11.3.min.js
[Sun Oct  1 12:58:52 2017] ::1:52961 [200]: /static/index/image/logo.png
[Sun Oct  1 12:58:52 2017] ::1:52966 [200]: /static/index/image/arrow-down_3d94809.png
[Sun Oct  1 12:58:52 2017] ::1:52967 [200]: /static/index/image/all-arrow_9cc750f.png
[Sun Oct  1 12:58:52 2017] ::1:52968 [200]: /static/index/image/free-appointment_d550c8b.png
[Sun Oct  1 12:58:52 2017] ::1:52969 [200]: /static/index/image/white-locate_b59a216.png
[Sun Oct  1 12:58:52 2017] ::1:52970 [200]: /favicon.ico
[Sun Oct  1 12:59:25 2017] ::1:53099 [200]: /static/index/image/slide-arrow-right.png
[Sun Oct  1 12:59:25 2017] ::1:53100 [200]: /static/index/image/slide-arrow-left.png
[Sun Oct  1 13:10:57 2017] ::1:55991 [200]: /static/index/css/base.css
[Sun Oct  1 13:10:57 2017] ::1:55992 [200]: /static/index/css/common.css
[Sun Oct  1 13:10:57 2017] ::1:55993 [200]: /static/index/css/index.css
[Sun Oct  1 13:10:57 2017] ::1:55994 [200]: /static/index/js/html5shiv.js
[Sun Oct  1 13:10:57 2017] ::1:55995 [200]: /static/index/js/respond.min.js
[Sun Oct  1 13:10:57 2017] ::1:55996 [200]: /static/index/js/jquery-1.11.3.min.js
[Sun Oct  1 13:10:57 2017] ::1:55997 [200]: /static/index/image/logo.png
[Sun Oct  1 13:10:57 2017] ::1:56002 [200]: /static/index/image/arrow-down_3d94809.png
[Sun Oct  1 13:10:57 2017] ::1:56003 [200]: /static/index/image/all-arrow_9cc750f.png
[Sun Oct  1 13:10:57 2017] ::1:56004 [200]: /static/index/image/free-appointment_d550c8b.png
[Sun Oct  1 13:10:57 2017] ::1:56005 [200]: /static/index/image/white-locate_b59a216.png
[Sun Oct  1 13:10:57 2017] ::1:56006 [200]: /favicon.ico
[Sun Oct  1 13:20:49 2017] ::1:58688 [200]: /static/index/image/slide-arrow-right.png
[Sun Oct  1 13:20:49 2017] ::1:58689 [200]: /static/index/image/slide-arrow-left.png
[Sun Oct  1 13:25:35 2017] ::1:59841 [200]: /static/index/js/html5shiv.js
[Sun Oct  1 13:25:35 2017] ::1:59842 [200]: /static/index/js/respond.min.js
[Sun Oct  1 13:25:35 2017] ::1:59843 [200]: /static/index/js/jquery-1.11.3.min.js
[Sun Oct  1 13:25:35 2017] ::1:59851 [200]: /favicon.ico
[Sun Oct  1 13:27:09 2017] ::1:60232 [200]: /favicon.ico
[Sun Oct  1 13:27:34 2017] ::1:60233 Invalid request (Unexpected EOF)
[Sun Oct  1 13:27:34 2017] ::1:60234 Invalid request (Unexpected EOF)
[Sun Oct  1 15:20:30 2017] ::1:64659 [200]: /favicon.ico
[Sun Oct  1 15:20:40 2017] ::1:64660 Invalid request (Unexpected EOF)
[Sun Oct  1 15:22:19 2017] ::1:65102 [200]: /favicon.ico
[Sun Oct  1 15:22:40 2017] ::1:65103 Invalid request (Unexpected EOF)
[Sun Oct  1 15:23:51 2017] ::1:65393 [200]: /favicon.ico
[Sun Oct  1 15:25:18 2017] ::1:49373 [200]: /favicon.ico
[Sun Oct  1 15:27:21 2017] ::1:49864 [200]: /favicon.ico
[Sun Oct  1 15:29:57 2017] ::1:50498 [200]: /favicon.ico
[Sun Oct  1 15:55:32 2017] ::1:51570 [200]: /favicon.ico
[Sun Oct  1 15:55:33 2017] ::1:51576 [200]: /favicon.ico
[Sun Oct  1 15:59:02 2017] ::1:52420 [200]: /static/index/css/base.css
[Sun Oct  1 15:59:02 2017] ::1:52421 [200]: /static/index/css/common.css
[Sun Oct  1 15:59:02 2017] ::1:52422 [200]: /static/index/css/index.css
[Sun Oct  1 15:59:02 2017] ::1:52423 [200]: /static/index/js/html5shiv.js
[Sun Oct  1 15:59:02 2017] ::1:52424 [200]: /static/index/js/respond.min.js
[Sun Oct  1 15:59:02 2017] ::1:52425 [200]: /static/index/js/jquery-1.11.3.min.js
[Sun Oct  1 15:59:02 2017] ::1:52430 [200]: /static/index/image/arrow-down_3d94809.png
[Sun Oct  1 15:59:02 2017] ::1:52431 [200]: /static/index/image/all-arrow_9cc750f.png
[Sun Oct  1 15:59:02 2017] ::1:52432 [200]: /static/index/image/free-appointment_d550c8b.png
[Sun Oct  1 15:59:02 2017] ::1:52433 [200]: /static/index/image/white-locate_b59a216.png
[Sun Oct  1 15:59:02 2017] ::1:52434 [200]: /favicon.ico
[Sun Oct  1 15:59:20 2017] ::1:52504 [200]: /static/index/css/base.css
[Sun Oct  1 15:59:20 2017] ::1:52505 [200]: /static/index/css/common.css
[Sun Oct  1 15:59:20 2017] ::1:52506 [200]: /static/index/css/index.css
[Sun Oct  1 15:59:20 2017] ::1:52507 [200]: /static/index/js/html5shiv.js
[Sun Oct  1 15:59:20 2017] ::1:52508 [200]: /static/index/js/respond.min.js
[Sun Oct  1 15:59:20 2017] ::1:52509 [200]: /static/index/js/jquery-1.11.3.min.js
[Sun Oct  1 15:59:20 2017] ::1:52510 [200]: /static/index/image/logo.png
[Sun Oct  1 15:59:20 2017] ::1:52515 [200]: /static/index/image/arrow-down_3d94809.png
[Sun Oct  1 15:59:20 2017] ::1:52516 [200]: /static/index/image/all-arrow_9cc750f.png
[Sun Oct  1 15:59:20 2017] ::1:52517 [200]: /static/index/image/free-appointment_d550c8b.png
[Sun Oct  1 15:59:20 2017] ::1:52518 [200]: /static/index/image/white-locate_b59a216.png
[Sun Oct  1 15:59:20 2017] ::1:52519 [200]: /favicon.ico
[Sun Oct  1 16:00:00 2017] ::1:52684 [200]: /static/index/image/slide-arrow-right.png
[Sun Oct  1 16:00:00 2017] ::1:52685 [200]: /static/index/image/slide-arrow-left.png
[Sun Oct  1 16:01:13 2017] ::1:52919 [200]: /static/index/css/base.css
[Sun Oct  1 16:01:13 2017] ::1:52920 [200]: /static/index/css/common.css
[Sun Oct  1 16:01:13 2017] ::1:52921 [200]: /static/index/css/index.css
[Sun Oct  1 16:01:13 2017] ::1:52922 [200]: /static/index/js/html5shiv.js
[Sun Oct  1 16:01:13 2017] ::1:52923 [200]: /static/index/js/respond.min.js
[Sun Oct  1 16:01:13 2017] ::1:52924 [200]: /static/index/js/jquery-1.11.3.min.js
[Sun Oct  1 16:01:13 2017] ::1:52925 [200]: /static/index/image/logo.png
[Sun Oct  1 16:01:13 2017] ::1:52930 [200]: /static/index/image/arrow-down_3d94809.png
[Sun Oct  1 16:01:13 2017] ::1:52931 [200]: /static/index/image/all-arrow_9cc750f.png
[Sun Oct  1 16:01:13 2017] ::1:52932 [200]: /static/index/image/free-appointment_d550c8b.png
[Sun Oct  1 16:01:13 2017] ::1:52933 [200]: /static/index/image/white-locate_b59a216.png
[Sun Oct  1 16:01:13 2017] ::1:52934 [200]: /favicon.ico
[Sun Oct  1 16:01:28 2017] ::1:52996 [200]: /static/index/css/base.css
[Sun Oct  1 16:01:28 2017] ::1:52997 [200]: /static/index/css/common.css
[Sun Oct  1 16:01:28 2017] ::1:52998 [200]: /static/index/css/index.css
[Sun Oct  1 16:01:28 2017] ::1:52999 [200]: /static/index/js/html5shiv.js
[Sun Oct  1 16:01:28 2017] ::1:53000 [200]: /static/index/js/respond.min.js
[Sun Oct  1 16:01:28 2017] ::1:53001 [200]: /static/index/js/jquery-1.11.3.min.js
[Sun Oct  1 16:01:28 2017] ::1:53002 [200]: /static/index/image/logo.png
[Sun Oct  1 16:01:29 2017] ::1:53007 [200]: /static/index/image/arrow-down_3d94809.png
[Sun Oct  1 16:01:29 2017] ::1:53008 [200]: /static/index/image/all-arrow_9cc750f.png
[Sun Oct  1 16:01:29 2017] ::1:53009 [200]: /static/index/image/free-appointment_d550c8b.png
[Sun Oct  1 16:01:29 2017] ::1:53010 [200]: /static/index/image/white-locate_b59a216.png
[Sun Oct  1 16:07:09 2017] ::1:54055 [200]: /static/index/css/base.css
[Sun Oct  1 16:07:09 2017] ::1:54056 [200]: /static/index/css/common.css
[Sun Oct  1 16:07:09 2017] ::1:54057 [200]: /static/index/css/index.css
[Sun Oct  1 16:07:09 2017] ::1:54058 [200]: /static/index/js/html5shiv.js
[Sun Oct  1 16:07:09 2017] ::1:54059 [200]: /static/index/js/respond.min.js
[Sun Oct  1 16:07:09 2017] ::1:54060 [200]: /static/index/js/jquery-1.11.3.min.js
[Sun Oct  1 16:07:09 2017] ::1:54061 [200]: /static/index/image/logo.png
[Sun Oct  1 16:07:10 2017] ::1:54066 [200]: /static/index/image/arrow-down_3d94809.png
[Sun Oct  1 16:07:10 2017] ::1:54067 [200]: /static/index/image/all-arrow_9cc750f.png
[Sun Oct  1 16:07:10 2017] ::1:54068 [200]: /static/index/image/free-appointment_d550c8b.png
[Sun Oct  1 16:07:10 2017] ::1:54069 [200]: /static/index/image/white-locate_b59a216.png
[Sun Oct  1 16:07:11 2017] ::1:54079 [200]: /static/index/css/base.css
[Sun Oct  1 16:07:11 2017] ::1:54080 [200]: /static/index/css/common.css
[Sun Oct  1 16:07:11 2017] ::1:54081 [200]: /static/index/css/index.css
[Sun Oct  1 16:07:11 2017] ::1:54082 [200]: /static/index/js/html5shiv.js
[Sun Oct  1 16:07:11 2017] ::1:54083 [200]: /static/index/js/respond.min.js
[Sun Oct  1 16:07:11 2017] ::1:54084 [200]: /static/index/js/jquery-1.11.3.min.js
[Sun Oct  1 16:07:11 2017] ::1:54085 [200]: /static/index/image/logo.png
[Sun Oct  1 16:07:11 2017] ::1:54090 [200]: /static/index/image/arrow-down_3d94809.png
[Sun Oct  1 16:07:11 2017] ::1:54091 [200]: /static/index/image/all-arrow_9cc750f.png
[Sun Oct  1 16:07:11 2017] ::1:54092 [200]: /static/index/image/free-appointment_d550c8b.png
[Sun Oct  1 16:07:11 2017] ::1:54093 [200]: /static/index/image/white-locate_b59a216.png
[Sun Oct  1 16:07:14 2017] ::1:54103 [200]: /static/index/css/base.css
[Sun Oct  1 16:07:14 2017] ::1:54104 [200]: /static/index/css/common.css
[Sun Oct  1 16:07:14 2017] ::1:54105 [200]: /static/index/css/index.css
[Sun Oct  1 16:07:14 2017] ::1:54106 [200]: /static/index/js/html5shiv.js
[Sun Oct  1 16:07:14 2017] ::1:54107 [200]: /static/index/js/respond.min.js
[Sun Oct  1 16:07:14 2017] ::1:54108 [200]: /static/index/js/jquery-1.11.3.min.js
[Sun Oct  1 16:07:14 2017] ::1:54109 [200]: /static/index/image/logo.png
[Sun Oct  1 16:07:14 2017] ::1:54118 [200]: /static/index/image/arrow-down_3d94809.png
[Sun Oct  1 16:07:14 2017] ::1:54119 [200]: /static/index/image/all-arrow_9cc750f.png
[Sun Oct  1 16:07:14 2017] ::1:54120 [200]: /static/index/image/free-appointment_d550c8b.png
[Sun Oct  1 16:07:14 2017] ::1:54121 [200]: /static/index/image/white-locate_b59a216.png
[Sun Oct  1 16:07:16 2017] ::1:54131 [200]: /static/index/css/base.css
[Sun Oct  1 16:07:16 2017] ::1:54132 [200]: /static/index/css/common.css
[Sun Oct  1 16:07:16 2017] ::1:54133 [200]: /static/index/css/index.css
[Sun Oct  1 16:07:16 2017] ::1:54134 [200]: /static/index/js/html5shiv.js
[Sun Oct  1 16:07:16 2017] ::1:54135 [200]: /static/index/js/respond.min.js
[Sun Oct  1 16:07:16 2017] ::1:54136 [200]: /static/index/js/jquery-1.11.3.min.js
[Sun Oct  1 16:07:16 2017] ::1:54137 [200]: /static/index/image/logo.png
[Sun Oct  1 16:07:16 2017] ::1:54142 [200]: /static/index/image/arrow-down_3d94809.png
[Sun Oct  1 16:07:16 2017] ::1:54143 [200]: /static/index/image/all-arrow_9cc750f.png
[Sun Oct  1 16:07:16 2017] ::1:54144 [200]: /static/index/image/free-appointment_d550c8b.png
[Sun Oct  1 16:07:16 2017] ::1:54145 [200]: /static/index/image/white-locate_b59a216.png
[Sun Oct  1 16:07:55 2017] ::1:54298 [200]: /static/index/image/slide-arrow-right.png
[Sun Oct  1 16:07:55 2017] ::1:54299 [200]: /static/index/image/slide-arrow-left.png
[Sun Oct  1 16:08:00 2017] ::1:54321 [200]: /static/index/css/base.css
[Sun Oct  1 16:08:00 2017] ::1:54322 [200]: /static/index/css/common.css
[Sun Oct  1 16:08:00 2017] ::1:54323 [200]: /static/index/css/index.css
[Sun Oct  1 16:08:00 2017] ::1:54324 [200]: /static/index/image/logo.png
[Sun Oct  1 16:08:00 2017] ::1:54329 [200]: /static/index/js/html5shiv.js
[Sun Oct  1 16:08:00 2017] ::1:54330 [200]: /static/index/js/respond.min.js
[Sun Oct  1 16:08:00 2017] ::1:54331 [200]: /static/index/js/jquery-1.11.3.min.js
[Sun Oct  1 16:08:00 2017] ::1:54332 [200]: /static/index/image/arrow-down_3d94809.png
[Sun Oct  1 16:08:00 2017] ::1:54333 [200]: /static/index/image/all-arrow_9cc750f.png
[Sun Oct  1 16:08:00 2017] ::1:54334 [200]: /static/index/image/free-appointment_d550c8b.png
[Sun Oct  1 16:08:00 2017] ::1:54335 [200]: /static/index/image/white-locate_b59a216.png
[Sun Oct  1 16:08:02 2017] ::1:54345 [200]: /static/index/css/base.css
[Sun Oct  1 16:08:02 2017] ::1:54346 [200]: /static/index/css/common.css
[Sun Oct  1 16:08:02 2017] ::1:54347 [200]: /static/index/css/index.css
[Sun Oct  1 16:08:02 2017] ::1:54348 [200]: /static/index/js/html5shiv.js
[Sun Oct  1 16:08:02 2017] ::1:54349 [200]: /static/index/js/respond.min.js
[Sun Oct  1 16:08:02 2017] ::1:54350 [200]: /static/index/js/jquery-1.11.3.min.js
[Sun Oct  1 16:08:02 2017] ::1:54351 [200]: /static/index/image/logo.png
[Sun Oct  1 16:08:02 2017] ::1:54356 [200]: /static/index/image/arrow-down_3d94809.png
[Sun Oct  1 16:08:02 2017] ::1:54357 [200]: /static/index/image/all-arrow_9cc750f.png
[Sun Oct  1 16:08:02 2017] ::1:54358 [200]: /static/index/image/free-appointment_d550c8b.png
[Sun Oct  1 16:08:02 2017] ::1:54359 [200]: /static/index/image/white-locate_b59a216.png
[Sun Oct  1 16:08:04 2017] ::1:54365 [200]: /static/index/css/base.css
[Sun Oct  1 16:08:04 2017] ::1:54366 [200]: /static/index/css/common.css
[Sun Oct  1 16:08:04 2017] ::1:54367 [200]: /static/index/css/index.css
[Sun Oct  1 16:08:04 2017] ::1:54368 [200]: /static/index/js/html5shiv.js
[Sun Oct  1 16:08:04 2017] ::1:54369 [200]: /static/index/js/respond.min.js
[Sun Oct  1 16:08:04 2017] ::1:54370 [200]: /static/index/js/jquery-1.11.3.min.js
[Sun Oct  1 16:08:04 2017] ::1:54371 [200]: /static/index/image/logo.png
[Sun Oct  1 16:08:04 2017] ::1:54376 [200]: /static/index/image/arrow-down_3d94809.png
[Sun Oct  1 16:08:04 2017] ::1:54377 [200]: /static/index/image/all-arrow_9cc750f.png
[Sun Oct  1 16:08:04 2017] ::1:54378 [200]: /static/index/image/free-appointment_d550c8b.png
[Sun Oct  1 16:08:04 2017] ::1:54379 [200]: /static/index/image/white-locate_b59a216.png
[Sun Oct  1 16:08:20 2017] ::1:54445 [200]: /static/index/css/base.css
[Sun Oct  1 16:08:20 2017] ::1:54447 [200]: /static/index/css/index.css
[Sun Oct  1 16:08:20 2017] ::1:54446 [200]: /static/index/css/common.css
[Sun Oct  1 16:08:20 2017] ::1:54448 [200]: /static/index/js/html5shiv.js
[Sun Oct  1 16:08:20 2017] ::1:54449 [200]: /static/index/js/respond.min.js
[Sun Oct  1 16:08:20 2017] ::1:54450 [200]: /static/index/js/jquery-1.11.3.min.js
[Sun Oct  1 16:08:20 2017] ::1:54451 [200]: /static/index/image/logo.png
[Sun Oct  1 16:08:20 2017] ::1:54460 [200]: /static/index/image/arrow-down_3d94809.png
[Sun Oct  1 16:08:20 2017] ::1:54461 [200]: /static/index/image/all-arrow_9cc750f.png
[Sun Oct  1 16:08:20 2017] ::1:54462 [200]: /static/index/image/free-appointment_d550c8b.png
[Sun Oct  1 16:08:20 2017] ::1:54463 [200]: /static/index/image/white-locate_b59a216.png
[Sun Oct  1 16:08:27 2017] ::1:54492 [200]: /index.php
[Sun Oct  1 16:08:27 2017] ::1:54493 [200]: /static/index/css/base.css
[Sun Oct  1 16:08:27 2017] ::1:54494 [200]: /static/index/css/common.css
[Sun Oct  1 16:08:27 2017] ::1:54495 [200]: /static/index/css/index.css
[Sun Oct  1 16:08:27 2017] ::1:54496 [200]: /static/index/js/html5shiv.js
[Sun Oct  1 16:08:27 2017] ::1:54497 [200]: /static/index/js/respond.min.js
[Sun Oct  1 16:08:27 2017] ::1:54498 [200]: /static/index/js/jquery-1.11.3.min.js
[Sun Oct  1 16:08:27 2017] ::1:54499 [200]: /static/index/image/logo.png
[Sun Oct  1 16:08:27 2017] ::1:54504 [200]: /static/index/image/arrow-down_3d94809.png
[Sun Oct  1 16:08:27 2017] ::1:54505 [200]: /static/index/image/all-arrow_9cc750f.png
[Sun Oct  1 16:08:27 2017] ::1:54506 [200]: /static/index/image/free-appointment_d550c8b.png
[Sun Oct  1 16:08:27 2017] ::1:54507 [200]: /static/index/image/white-locate_b59a216.png
[Sun Oct  1 16:08:54 2017] ::1:54613 [200]: /static/index/css/base.css
[Sun Oct  1 16:08:54 2017] ::1:54614 [200]: /static/index/css/common.css
[Sun Oct  1 16:08:54 2017] ::1:54615 [200]: /static/index/css/index.css
[Sun Oct  1 16:08:54 2017] ::1:54616 [200]: /static/index/js/html5shiv.js
[Sun Oct  1 16:08:54 2017] ::1:54617 [200]: /static/index/js/respond.min.js
[Sun Oct  1 16:08:54 2017] ::1:54622 [200]: /static/index/js/jquery-1.11.3.min.js
[Sun Oct  1 16:08:54 2017] ::1:54623 [200]: /static/index/image/logo.png
[Sun Oct  1 16:08:54 2017] ::1:54628 [200]: /static/index/image/arrow-down_3d94809.png
[Sun Oct  1 16:08:54 2017] ::1:54629 [200]: /static/index/image/all-arrow_9cc750f.png
[Sun Oct  1 16:08:54 2017] ::1:54630 [200]: /static/index/image/free-appointment_d550c8b.png
[Sun Oct  1 16:08:54 2017] ::1:54631 [200]: /static/index/image/white-locate_b59a216.png
[Sun Oct  1 16:09:37 2017] ::1:54697 Invalid request (Unexpected EOF)
[Sun Oct  1 16:09:37 2017] ::1:54698 Invalid request (Unexpected EOF)
[Sun Oct  1 16:09:37 2017] ::1:54699 Invalid request (Unexpected EOF)
[Sun Oct  1 16:09:37 2017] ::1:54700 Invalid request (Unexpected EOF)
[Sun Oct  1 16:09:37 2017] ::1:54701 Invalid request (Unexpected EOF)
[Sun Oct  1 16:10:37 2017] ::1:54843 Invalid request (Unexpected EOF)
[Sun Oct  1 16:10:37 2017] ::1:54844 Invalid request (Unexpected EOF)
[Sun Oct  1 16:10:37 2017] ::1:54845 Invalid request (Unexpected EOF)
[Sun Oct  1 16:10:37 2017] ::1:54846 Invalid request (Unexpected EOF)
[Sun Oct  1 16:10:37 2017] ::1:54847 Invalid request (Unexpected EOF)
[Sun Oct  1 16:18:37 2017] ::1:56891 Invalid request (Unexpected EOF)
[Sun Oct  1 16:18:37 2017] ::1:56892 Invalid request (Unexpected EOF)
[Sun Oct  1 16:18:37 2017] ::1:56893 Invalid request (Unexpected EOF)
[Sun Oct  1 16:18:37 2017] ::1:56894 Invalid request (Unexpected EOF)
[Sun Oct  1 16:18:37 2017] ::1:56895 Invalid request (Unexpected EOF)
[Sun Oct  1 16:19:32 2017] ::1:57025 Invalid request (Unexpected EOF)
[Sun Oct  1 16:19:32 2017] ::1:57026 Invalid request (Unexpected EOF)
[Sun Oct  1 16:19:32 2017] ::1:57027 Invalid request (Unexpected EOF)
[Sun Oct  1 16:19:32 2017] ::1:57028 Invalid request (Unexpected EOF)
[Sun Oct  1 16:20:37 2017] ::1:57214 Invalid request (Unexpected EOF)
[Sun Oct  1 16:20:37 2017] ::1:57215 Invalid request (Unexpected EOF)
[Sun Oct  1 16:20:37 2017] ::1:57216 Invalid request (Unexpected EOF)
[Sun Oct  1 16:21:37 2017] ::1:57561 [200]: /favicon.ico
[Sun Oct  1 16:22:37 2017] ::1:57562 Invalid request (Unexpected EOF)
[Sun Oct  1 16:25:53 2017] ::1:58591 [200]: /favicon.ico
[Sun Oct  1 16:25:57 2017] ::1:58609 [200]: /favicon.ico
[Sun Oct  1 16:26:37 2017] ::1:58635 Invalid request (Unexpected EOF)
[Sun Oct  1 16:26:37 2017] ::1:58636 Invalid request (Unexpected EOF)
[Sun Oct  1 16:27:33 2017] ::1:58856 [200]: /favicon.ico
[Sun Oct  1 16:27:43 2017] ::1:58902 [200]: /favicon.ico
[Sun Oct  1 16:27:56 2017] ::1:58952 [200]: /favicon.ico
[Sun Oct  1 16:28:14 2017] ::1:59030 [200]: /favicon.ico
[Sun Oct  1 16:28:37 2017] ::1:59060 Invalid request (Unexpected EOF)
[Sun Oct  1 16:29:54 2017] ::1:59361 [200]: /favicon.ico
[Sun Oct  1 16:32:05 2017] ::1:59880 [200]: /favicon.ico
[Sun Oct  1 16:32:59 2017] ::1:60091 [200]: /static/index/css/base.css
[Sun Oct  1 16:32:59 2017] ::1:60098 [200]: /favicon.ico
[Sun Oct  1 16:33:18 2017] ::1:60176 [200]: /static/index/css/login.css
[Sun Oct  1 16:33:18 2017] ::1:60177 [200]: /static/index/css/base.css
[Sun Oct  1 16:33:18 2017] ::1:60178 [200]: /static/index/js/html5shiv.js
[Sun Oct  1 16:33:18 2017] ::1:60179 [200]: /static/index/js/respond.min.js
[Sun Oct  1 16:33:18 2017] ::1:60180 [200]: /static/index/js/jquery-1.11.3.min.js
[Sun Oct  1 16:33:18 2017] ::1:60182 [200]: /static/index/image/user_z_fe074f3.png
[Sun Oct  1 16:33:18 2017] ::1:60183 [200]: /favicon.ico
[Sun Oct  1 16:33:28 2017] ::1:60221 [200]: /static/index/css/base.css
[Sun Oct  1 16:33:28 2017] ::1:60222 [200]: /static/index/css/login.css
[Sun Oct  1 16:33:28 2017] ::1:60223 [200]: /static/index/js/html5shiv.js
[Sun Oct  1 16:33:28 2017] ::1:60224 [200]: /static/index/js/respond.min.js
[Sun Oct  1 16:33:28 2017] ::1:60225 [200]: /static/index/js/jquery-1.11.3.min.js
[Sun Oct  1 16:33:28 2017] ::1:60226 [200]: /static/index/image/logo.png
[Sun Oct  1 16:33:28 2017] ::1:60227 [200]: /static/index/image/user_z_fe074f3.png
[Sun Oct  1 16:33:28 2017] ::1:60228 [200]: /favicon.ico
[Sun Oct  1 16:33:36 2017] ::1:60258 [200]: /static/index/css/base.css
[Sun Oct  1 16:33:36 2017] ::1:60259 [200]: /static/index/css/login.css
[Sun Oct  1 16:33:36 2017] ::1:60260 [200]: /static/index/js/html5shiv.js
[Sun Oct  1 16:33:36 2017] ::1:60261 [200]: /static/index/js/respond.min.js
[Sun Oct  1 16:33:36 2017] ::1:60262 [200]: /static/index/js/jquery-1.11.3.min.js
[Sun Oct  1 16:33:36 2017] ::1:60263 [200]: /static/index/image/logo.png
[Sun Oct  1 16:33:36 2017] ::1:60264 [200]: /static/index/image/user_z_fe074f3.png
[Sun Oct  1 16:33:36 2017] ::1:60265 [200]: /favicon.ico
[Sun Oct  1 16:34:42 2017] ::1:60275 [200]: /static/index/css/register.css
[Sun Oct  1 16:34:42 2017] ::1:60276 [200]: /static/index/css/base.css
[Sun Oct  1 16:34:42 2017] ::1:60277 [200]: /static/index/js/html5shiv.js
[Sun Oct  1 16:34:42 2017] ::1:60278 [200]: /static/index/js/respond.min.js
[Sun Oct  1 16:34:42 2017] ::1:60279 [200]: /static/index/js/jquery-1.11.3.min.js
[Sun Oct  1 16:34:42 2017] ::1:60280 [200]: /static/index/image/logo.png
[Sun Oct  1 16:34:47 2017] ::1:60287 [200]: /static/index/css/base.css
[Sun Oct  1 16:34:47 2017] ::1:60288 [200]: /static/index/css/register.css
[Sun Oct  1 16:34:53 2017] ::1:60310 [200]: /static/index/css/base.css
[Sun Oct  1 16:34:53 2017] ::1:60311 [200]: /static/index/css/login.css
[Sun Oct  1 16:34:53 2017] ::1:60312 [200]: /static/index/js/html5shiv.js
[Sun Oct  1 16:34:53 2017] ::1:60313 [200]: /static/index/js/respond.min.js
[Sun Oct  1 16:34:53 2017] ::1:60314 [200]: /static/index/js/jquery-1.11.3.min.js
[Sun Oct  1 16:34:53 2017] ::1:60315 [200]: /static/index/image/logo.png
[Sun Oct  1 16:34:53 2017] ::1:60316 [200]: /static/index/image/user_z_fe074f3.png
[Sun Oct  1 16:34:54 2017] ::1:60326 [200]: /static/index/css/base.css
[Sun Oct  1 16:34:54 2017] ::1:60327 [200]: /static/index/css/register.css
[Sun Oct  1 16:34:54 2017] ::1:60328 [200]: /static/index/js/html5shiv.js
[Sun Oct  1 16:34:54 2017] ::1:60329 [200]: /static/index/js/respond.min.js
[Sun Oct  1 16:34:54 2017] ::1:60330 [200]: /static/index/js/jquery-1.11.3.min.js
[Sun Oct  1 16:34:54 2017] ::1:60331 [200]: /static/index/image/logo.png
[Sun Oct  1 16:34:56 2017] ::1:60337 [200]: /static/index/css/base.css
[Sun Oct  1 16:34:56 2017] ::1:60338 [200]: /static/index/css/login.css
[Sun Oct  1 16:34:56 2017] ::1:60339 [200]: /static/index/js/html5shiv.js
[Sun Oct  1 16:34:56 2017] ::1:60340 [200]: /static/index/js/respond.min.js
[Sun Oct  1 16:34:56 2017] ::1:60341 [200]: /static/index/js/jquery-1.11.3.min.js
[Sun Oct  1 16:34:56 2017] ::1:60342 [200]: /static/index/image/logo.png
[Sun Oct  1 16:34:56 2017] ::1:60343 [200]: /static/index/image/user_z_fe074f3.png
[Sun Oct  1 16:34:57 2017] ::1:60349 [200]: /static/index/css/base.css
[Sun Oct  1 16:34:57 2017] ::1:60350 [200]: /static/index/css/register.css
[Sun Oct  1 16:34:57 2017] ::1:60351 [200]: /static/index/js/html5shiv.js
[Sun Oct  1 16:34:57 2017] ::1:60352 [200]: /static/index/js/respond.min.js
[Sun Oct  1 16:34:57 2017] ::1:60353 [200]: /static/index/js/jquery-1.11.3.min.js
[Sun Oct  1 16:34:57 2017] ::1:60354 [200]: /static/index/image/logo.png
[Sun Oct  1 16:34:58 2017] ::1:60360 [200]: /static/index/css/base.css
[Sun Oct  1 16:34:58 2017] ::1:60361 [200]: /static/index/css/login.css
[Sun Oct  1 16:34:58 2017] ::1:60362 [200]: /static/index/js/html5shiv.js
[Sun Oct  1 16:34:58 2017] ::1:60363 [200]: /static/index/js/respond.min.js
[Sun Oct  1 16:34:58 2017] ::1:60364 [200]: /static/index/js/jquery-1.11.3.min.js
[Sun Oct  1 16:34:58 2017] ::1:60365 [200]: /static/index/image/logo.png
[Sun Oct  1 16:34:58 2017] ::1:60366 [200]: /static/index/image/user_z_fe074f3.png
[Sun Oct  1 16:34:59 2017] ::1:60372 [200]: /static/index/css/base.css
[Sun Oct  1 16:34:59 2017] ::1:60373 [200]: /static/index/css/register.css
[Sun Oct  1 16:34:59 2017] ::1:60374 [200]: /static/index/js/html5shiv.js
[Sun Oct  1 16:34:59 2017] ::1:60375 [200]: /static/index/js/respond.min.js
[Sun Oct  1 16:34:59 2017] ::1:60376 [200]: /static/index/js/jquery-1.11.3.min.js
[Sun Oct  1 16:34:59 2017] ::1:60377 [200]: /static/index/image/logo.png
[Sun Oct  1 16:35:00 2017] ::1:60383 [200]: /static/index/css/base.css
[Sun Oct  1 16:35:00 2017] ::1:60384 [200]: /static/index/css/login.css
[Sun Oct  1 16:35:00 2017] ::1:60385 [200]: /static/index/js/html5shiv.js
[Sun Oct  1 16:35:00 2017] ::1:60386 [200]: /static/index/js/respond.min.js
[Sun Oct  1 16:35:00 2017] ::1:60387 [200]: /static/index/js/jquery-1.11.3.min.js
[Sun Oct  1 16:35:00 2017] ::1:60388 [200]: /static/index/image/logo.png
[Sun Oct  1 16:35:00 2017] ::1:60389 [200]: /static/index/image/user_z_fe074f3.png
[Sun Oct  1 16:35:01 2017] ::1:60395 [200]: /static/index/css/base.css
[Sun Oct  1 16:35:01 2017] ::1:60396 [200]: /static/index/css/register.css
[Sun Oct  1 16:35:01 2017] ::1:60397 [200]: /static/index/js/html5shiv.js
[Sun Oct  1 16:35:01 2017] ::1:60398 [200]: /static/index/js/respond.min.js
[Sun Oct  1 16:35:01 2017] ::1:60399 [200]: /static/index/js/jquery-1.11.3.min.js
[Sun Oct  1 16:35:01 2017] ::1:60400 [200]: /static/index/image/logo.png
[Sun Oct  1 16:35:02 2017] ::1:60406 [200]: /static/index/css/base.css
[Sun Oct  1 16:35:02 2017] ::1:60407 [200]: /static/index/css/login.css
[Sun Oct  1 16:35:02 2017] ::1:60408 [200]: /static/index/js/html5shiv.js
[Sun Oct  1 16:35:02 2017] ::1:60409 [200]: /static/index/js/respond.min.js
[Sun Oct  1 16:35:02 2017] ::1:60410 [200]: /static/index/js/jquery-1.11.3.min.js
[Sun Oct  1 16:35:02 2017] ::1:60411 [200]: /static/index/image/logo.png
[Sun Oct  1 16:35:02 2017] ::1:60412 [200]: /static/index/image/user_z_fe074f3.png
[Sun Oct  1 16:35:03 2017] ::1:60418 [200]: /static/index/css/base.css
[Sun Oct  1 16:35:03 2017] ::1:60419 [200]: /static/index/css/register.css
[Sun Oct  1 16:35:03 2017] ::1:60420 [200]: /static/index/js/html5shiv.js
[Sun Oct  1 16:35:03 2017] ::1:60421 [200]: /static/index/js/respond.min.js
[Sun Oct  1 16:35:03 2017] ::1:60422 [200]: /static/index/js/jquery-1.11.3.min.js
[Sun Oct  1 16:35:03 2017] ::1:60423 [200]: /static/index/image/logo.png
[Sun Oct  1 16:36:03 2017] ::1:60661 [200]: /static/index/css/base.css
[Sun Oct  1 16:36:03 2017] ::1:60662 [200]: /static/index/css/register.css
[Sun Oct  1 16:36:03 2017] ::1:60663 [200]: /static/index/js/html5shiv.js
[Sun Oct  1 16:36:03 2017] ::1:60664 [200]: /static/index/js/respond.min.js
[Sun Oct  1 16:36:03 2017] ::1:60665 [200]: /static/index/js/jquery-1.11.3.min.js
[Sun Oct  1 16:36:03 2017] ::1:60670 [200]: /static/index/image/logo.png
